\BOOKMARK [1][-]{section.1}{Capture des besoins , cahier des charges}{}% 1
\BOOKMARK [2][-]{subsection.1.1}{R\351sum\351:}{section.1}% 2
\BOOKMARK [2][-]{subsection.1.2}{Fonctionnalit\351s:}{section.1}% 3
\BOOKMARK [2][-]{subsection.1.3}{Fonctionnalit\351s additionnelles :}{section.1}% 4
\BOOKMARK [2][-]{subsection.1.4}{Priorit\351 , importance relative des fonctionnalit\351s:}{section.1}% 5
\BOOKMARK [2][-]{subsection.1.5}{Accessibilit\351 et pr\351-requis syst\350me:}{section.1}% 6
\BOOKMARK [2][-]{subsection.1.6}{Internationalit\351:}{section.1}% 7
\BOOKMARK [2][-]{subsection.1.7}{Date fix\351es:}{section.1}% 8
\BOOKMARK [2][-]{subsection.1.8}{Mat\351riels et choix des technologies}{section.1}% 9
\BOOKMARK [2][-]{subsection.1.9}{Gestion des erreurs:}{section.1}% 10
\BOOKMARK [2][-]{subsection.1.10}{Performances requises}{section.1}% 11
\BOOKMARK [2][-]{subsection.1.11}{Utilisation de l'interface}{section.1}% 12
\BOOKMARK [1][-]{section.2}{Analyse du d\351coupage et de la conception}{}% 13
\BOOKMARK [2][-]{subsection.2.1}{Modules }{section.2}% 14
\BOOKMARK [2][-]{subsection.2.2}{Fonctions du module d\351placement }{section.2}% 15
\BOOKMARK [1][-]{section.3}{Fonctionnalit\351s additionnelles}{}% 16
\BOOKMARK [2][-]{subsection.3.1}{Variantes de plateau}{section.3}% 17
\BOOKMARK [2][-]{subsection.3.2}{\311diteur de plateau}{section.3}% 18
\BOOKMARK [2][-]{subsection.3.3}{Sauvegarde de partie}{section.3}% 19
\BOOKMARK [2][-]{subsection.3.4}{IA}{section.3}% 20
\BOOKMARK [2][-]{subsection.3.5}{Joueur contre joueur en r\351seau local\(non fonctionnel\)}{section.3}% 21
\BOOKMARK [1][-]{section.4}{Difficult\351s rencontr\351s}{}% 22
\BOOKMARK [1][-]{section.5}{Tests effectu\351s}{}% 23
\BOOKMARK [1][-]{section.6}{Conclusion et perspectives}{}% 24
